TN:
SF:/Users/chenyao/youzan/oxygen/src/index.js
FN:91,_interopRequireDefault
FN:93,install
FNF:2
FNH:1
FNDA:22,_interopRequireDefault
FNDA:0,install
DA:0,22
DA:1,1
DA:2,1
DA:3,1
DA:4,1
DA:5,1
DA:6,1
DA:7,1
DA:8,1
DA:9,1
DA:10,1
DA:11,1
DA:12,1
DA:13,1
DA:14,1
DA:15,1
DA:16,1
DA:17,1
DA:18,1
DA:19,1
DA:20,1
DA:21,1
DA:22,1
DA:24,1
DA:25,0
DA:27,0
DA:28,0
DA:29,0
DA:30,0
DA:31,0
DA:32,0
DA:33,0
DA:34,0
DA:35,0
DA:36,0
DA:37,0
DA:38,0
DA:39,0
DA:40,0
DA:41,0
DA:42,0
DA:43,0
DA:44,0
DA:45,0
DA:46,0
DA:50,1
DA:51,0
DA:54,1
LF:48
LH:26
BRDA:91,1,0,22
BRDA:91,1,1,0
BRDA:91,2,0,22
BRDA:91,2,1,22
BRDA:94,3,0,0
BRDA:94,3,1,0
BRDA:119,4,0,0
BRDA:119,4,1,1
BRDA:119,5,0,1
BRDA:119,5,1,1
BRF:10
BRH:7
end_of_record
TN:
SF:/Users/chenyao/youzan/oxygen/packages/button/index.js
FN:11,_interopRequireDefault
FNF:1
FNH:1
FNDA:1,_interopRequireDefault
DA:0,1
DA:1,1
LF:2
LH:2
BRDA:11,1,0,1
BRDA:11,1,1,0
BRDA:11,2,0,1
BRDA:11,2,1,1
BRF:4
BRH:4
end_of_record
TN:
SF:/Users/chenyao/youzan/oxygen/packages/button/src/button.js
FN:37,validator
FN:44,validator
FN:51,handleClick
FN:56,render
FNF:4
FNH:0
FNDA:0,validator
FNDA:0,validator
FNDA:0,handleClick
FNDA:0,render
DA:0,1
DA:14,1
DA:15,1
DA:33,0
DA:40,0
DA:47,0
DA:51,0
DA:53,0
DA:55,0
LF:9
LH:3
BRDA:82,1,0,0
BRDA:82,1,1,0
BRF:2
BRH:0
end_of_record
TN:
SF:/Users/chenyao/youzan/oxygen/packages/switch/index.js
FN:11,_interopRequireDefault
FNF:1
FNH:1
FNDA:1,_interopRequireDefault
DA:0,1
DA:1,1
LF:2
LH:2
BRDA:11,1,0,0
BRDA:11,1,1,1
BRDA:11,2,0,1
BRDA:11,2,1,1
BRF:4
BRH:4
end_of_record
TN:
SF:/Users/chenyao/youzan/oxygen/packages/switch/src/switch.vue
FN:44,_default
FN:48,switchState
FN:61,toggleState
FNF:3
FNH:0
FNDA:0,_default
FNDA:0,switchState
FNDA:0,toggleState
DA:0,1
DA:44,0
DA:46,0
DA:47,0
DA:49,0
DA:57,0
DA:58,0
LF:7
LH:1
BRDA:49,1,0,0
BRDA:49,1,1,0
BRDA:51,2,0,0
BRDA:51,2,1,0
BRDA:52,3,0,0
BRDA:52,3,1,0
BRDA:62,4,0,0
BRDA:62,4,1,0
BRDA:62,5,0,0
BRDA:62,5,1,0
BRF:10
BRH:0
end_of_record
TN:
SF:/Users/chenyao/youzan/oxygen/packages/field/index.js
FN:11,_interopRequireDefault
FNF:1
FNH:1
FNDA:1,_interopRequireDefault
DA:0,1
DA:1,1
LF:2
LH:2
BRDA:11,1,0,0
BRDA:11,1,1,1
BRDA:11,2,0,1
BRDA:11,2,1,1
BRF:4
BRH:4
end_of_record
TN:
SF:/Users/chenyao/youzan/oxygen/packages/field/src/field.vue
FN:11,_interopRequireDefault
FN:33,data
FN:41,value
FN:44,currentValue
FN:51,handleInput
FNF:5
FNH:1
FNDA:1,_interopRequireDefault
FNDA:0,data
FNDA:0,value
FNDA:0,currentValue
FNDA:0,handleInput
DA:0,1
DA:34,1
DA:57,0
DA:64,0
DA:68,0
DA:69,0
DA:75,0
LF:7
LH:2
BRDA:11,1,0,1
BRDA:11,1,1,0
BRDA:11,2,0,1
BRDA:11,2,1,1
BRF:4
BRH:4
end_of_record
TN:
SF:/Users/chenyao/youzan/oxygen/packages/cell/index.js
FN:11,_interopRequireDefault
FNF:1
FNH:1
FNDA:1,_interopRequireDefault
DA:0,1
DA:1,1
LF:2
LH:2
BRDA:11,1,0,0
BRDA:11,1,1,1
BRDA:11,2,0,1
BRDA:11,2,1,1
BRF:4
BRH:4
end_of_record
TN:
SF:/Users/chenyao/youzan/oxygen/packages/cell/src/cell.vue
FN:43,handleClick
FNF:1
FNH:0
FNDA:0,handleClick
DA:0,1
DA:39,0
LF:2
LH:1
BRF:0
BRH:0
end_of_record
TN:
SF:/Users/chenyao/youzan/oxygen/packages/radio/index.js
FN:11,_interopRequireDefault
FNF:1
FNH:1
FNDA:1,_interopRequireDefault
DA:0,1
DA:1,1
LF:2
LH:2
BRDA:11,1,0,0
BRDA:11,1,1,1
BRDA:11,2,0,1
BRDA:11,2,1,1
BRF:4
BRH:4
end_of_record
TN:
SF:/Users/chenyao/youzan/oxygen/packages/radio/src/radio.vue
FN:11,_interopRequireDefault
FN:25,isGroup
FN:31,get
FN:34,set
FN:43,isDisabled
FNF:5
FNH:1
FNDA:1,_interopRequireDefault
FNDA:0,isGroup
FNDA:0,get
FNDA:0,set
FNDA:0,isDisabled
DA:0,1
DA:27,1
DA:42,0
DA:47,0
DA:51,0
DA:52,0
DA:54,0
DA:60,0
LF:8
LH:2
BRDA:11,1,0,1
BRDA:11,1,1,0
BRDA:11,2,0,1
BRDA:11,2,1,1
BRDA:32,3,0,0
BRDA:32,3,1,0
BRDA:32,4,0,0
BRDA:32,4,1,0
BRDA:35,5,0,0
BRDA:35,5,1,0
BRDA:35,6,0,0
BRDA:35,6,1,0
BRDA:44,7,0,0
BRDA:44,7,1,0
BRDA:44,8,0,0
BRDA:44,8,1,0
BRDA:44,9,0,0
BRDA:44,9,1,0
BRF:18
BRH:4
end_of_record
TN:
SF:/Users/chenyao/youzan/oxygen/src/mixins/findParent.js
FN:11,findParentByComponentName
FNF:1
FNH:0
FNDA:0,findParentByComponentName
DA:0,1
DA:7,0
DA:9,0
DA:10,0
DA:11,0
DA:12,0
DA:13,0
DA:15,0
DA:19,0
LF:9
LH:1
BRDA:12,1,0,0
BRDA:12,1,1,0
BRDA:16,2,0,0
BRDA:16,2,1,0
BRF:4
BRH:0
end_of_record
TN:
SF:/Users/chenyao/youzan/oxygen/packages/icon/index.js
FN:11,_interopRequireDefault
FNF:1
FNH:1
FNDA:1,_interopRequireDefault
DA:0,1
DA:1,1
LF:2
LH:2
BRDA:11,1,0,0
BRDA:11,1,1,1
BRDA:11,2,0,1
BRDA:11,2,1,1
BRF:4
BRH:4
end_of_record
TN:
SF:/Users/chenyao/youzan/oxygen/packages/icon/src/icon.vue
FNF:0
FNH:0
DA:0,1
LF:1
LH:1
BRF:0
BRH:0
end_of_record
TN:
SF:/Users/chenyao/youzan/oxygen/packages/cell-group/index.js
FN:11,_interopRequireDefault
FNF:1
FNH:1
FNDA:1,_interopRequireDefault
DA:0,1
DA:1,1
LF:2
LH:2
BRDA:11,1,0,0
BRDA:11,1,1,1
BRDA:11,2,0,1
BRDA:11,2,1,1
BRF:4
BRH:4
end_of_record
TN:
SF:/Users/chenyao/youzan/oxygen/packages/cell/src/cell-group.vue
FNF:0
FNH:0
DA:0,1
LF:1
LH:1
BRF:0
BRH:0
end_of_record
TN:
SF:/Users/chenyao/youzan/oxygen/packages/popup/index.js
FN:11,_interopRequireDefault
FNF:1
FNH:1
FNDA:1,_interopRequireDefault
DA:0,1
DA:1,1
LF:2
LH:2
BRDA:11,1,0,0
BRDA:11,1,1,1
BRDA:11,2,0,1
BRDA:11,2,1,1
BRF:4
BRH:4
end_of_record
TN:
SF:/Users/chenyao/youzan/oxygen/packages/popup/src/popup.vue
FN:11,_interopRequireDefault
FN:42,data
FN:51,currentValue
FN:54,value
FN:59,beforeMount
FN:64,mounted
FNF:6
FNH:1
FNDA:1,_interopRequireDefault
FNDA:0,data
FNDA:0,currentValue
FNDA:0,value
FNDA:0,beforeMount
FNDA:0,mounted
DA:0,1
DA:10,1
DA:42,0
DA:50,0
DA:54,0
DA:59,0
DA:60,0
DA:65,0
DA:66,0
DA:67,0
LF:10
LH:2
BRDA:11,1,0,1
BRDA:11,1,1,0
BRDA:11,2,0,1
BRDA:11,2,1,1
BRDA:60,3,0,0
BRDA:60,3,1,0
BRDA:65,4,0,0
BRDA:65,4,1,0
BRF:8
BRH:4
end_of_record
TN:
SF:/Users/chenyao/youzan/oxygen/src/mixins/popup/index.js
FN:19,_interopRequireDefault
FN:23,getDOM
FN:66,value
FN:77,beforeMount
FN:81,data
FN:95,open
FN:139,close
FN:149,(anonymous_8)
FN:160,doAfterClose
FN:166,beforeDestroy
FNF:10
FNH:1
FNDA:3,_interopRequireDefault
FNDA:0,getDOM
FNDA:0,value
FNDA:0,beforeMount
FNDA:0,data
FNDA:0,open
FNDA:0,close
FNDA:0,(anonymous_8)
FNDA:0,doAfterClose
FNDA:0,beforeDestroy
DA:0,3
DA:1,1
DA:2,1
DA:3,1
DA:5,1
DA:7,1
DA:8,0
DA:9,0
DA:10,0
DA:12,0
DA:51,0
DA:52,0
DA:53,0
DA:55,0
DA:56,0
DA:62,0
DA:63,0
DA:67,0
DA:80,0
DA:82,0
DA:84,0
DA:86,0
DA:87,0
DA:88,0
DA:91,0
DA:92,0
DA:96,0
DA:97,0
DA:98,0
DA:99,0
DA:101,0
DA:104,0
DA:106,0
DA:107,0
DA:110,0
DA:114,0
DA:115,0
DA:116,0
DA:122,0
DA:123,0
DA:125,0
DA:127,0
DA:129,0
DA:130,0
DA:131,0
DA:132,0
DA:134,0
DA:138,0
DA:139,0
DA:143,0
DA:144,0
DA:149,0
DA:150,0
DA:152,0
DA:153,0
DA:155,0
LF:56
LH:6
BRDA:19,1,0,2
BRDA:19,1,1,1
BRDA:19,2,0,3
BRDA:19,2,1,3
BRDA:24,3,0,0
BRDA:24,3,1,0
BRDA:25,4,0,0
BRDA:25,4,1,0
BRDA:67,5,0,0
BRDA:67,5,1,0
BRDA:68,6,0,0
BRDA:68,6,1,0
BRDA:71,7,0,0
BRDA:71,7,1,0
BRDA:96,8,0,0
BRDA:96,8,1,0
BRDA:107,9,0,0
BRDA:107,9,1,0
BRDA:112,10,0,0
BRDA:112,10,1,0
BRDA:113,11,0,0
BRDA:113,11,1,0
BRDA:120,12,0,0
BRDA:120,12,1,0
BRDA:122,13,0,0
BRDA:122,13,1,0
BRDA:142,14,0,0
BRDA:142,14,1,0
BRDA:148,15,0,0
BRDA:148,15,1,0
BRDA:150,16,0,0
BRDA:150,16,1,0
BRDA:150,17,0,0
BRDA:150,17,1,0
BRDA:170,18,0,0
BRDA:170,18,1,0
BRDA:170,19,0,0
BRDA:170,19,1,0
BRDA:170,19,2,0
BRF:39
BRH:4
end_of_record
TN:
SF:/Users/chenyao/youzan/oxygen/src/utils/merge.js
FN:7,(anonymous_1)
FNF:1
FNH:0
FNDA:0,(anonymous_1)
DA:0,1
DA:1,0
DA:2,0
DA:3,0
DA:4,0
DA:5,0
DA:6,0
DA:7,0
DA:8,0
DA:14,0
LF:10
LH:1
BRDA:13,1,0,0
BRDA:13,1,1,0
BRDA:15,2,0,0
BRDA:15,2,1,0
BRDA:17,3,0,0
BRDA:17,3,1,0
BRF:6
BRH:0
end_of_record
TN:
SF:/Users/chenyao/youzan/oxygen/src/mixins/popup/popup-manager.js
FN:11,getModal
FN:20,(anonymous_2)
FN:25,(anonymous_3)
FN:40,nextZIndex
FN:43,getInstance
FN:46,register
FN:51,deregister
FN:62,handleOverlayClick
FN:71,openModal
FN:100,closeModal
FN:124,(anonymous_11)
FNF:11
FNH:0
FNDA:0,getModal
FNDA:0,(anonymous_2)
FNDA:0,(anonymous_3)
FNDA:0,nextZIndex
FNDA:0,getInstance
FNDA:0,register
FNDA:0,deregister
FNDA:0,handleOverlayClick
FNDA:0,openModal
FNDA:0,closeModal
FNDA:0,(anonymous_11)
DA:0,1
DA:1,1
DA:3,1
DA:5,1
DA:6,0
DA:7,0
DA:8,0
DA:10,0
DA:11,0
DA:12,0
DA:14,0
DA:15,0
DA:16,0
DA:19,0
DA:20,0
DA:24,0
DA:27,1
DA:29,1
DA:35,0
DA:39,0
DA:43,0
DA:44,0
DA:49,0
DA:50,0
DA:51,0
DA:59,0
DA:60,0
DA:62,0
DA:63,0
DA:64,0
DA:69,0
DA:71,0
DA:73,0
DA:74,0
DA:75,0
DA:76,0
DA:80,0
DA:82,0
DA:84,0
DA:85,0
DA:87,0
DA:90,0
DA:91,0
DA:93,0
DA:95,0
DA:98,0
DA:99,0
DA:100,0
DA:102,0
DA:103,0
DA:104,0
DA:105,0
DA:106,0
DA:107,0
DA:110,0
DA:111,0
DA:112,0
DA:113,0
DA:119,0
DA:120,0
DA:121,0
DA:122,0
DA:124,0
DA:125,0
LF:64
LH:6
BRDA:13,1,0,0
BRDA:13,1,1,0
BRDA:26,2,0,0
BRDA:26,2,1,0
BRDA:47,3,0,0
BRDA:47,3,1,0
BRDA:47,4,0,0
BRDA:47,4,1,0
BRDA:52,5,0,0
BRDA:52,5,1,0
BRDA:64,6,0,0
BRDA:64,6,1,0
BRDA:67,7,0,0
BRDA:67,7,1,0
BRDA:67,8,0,0
BRDA:67,8,1,0
BRDA:72,9,0,0
BRDA:72,9,1,0
BRDA:72,10,0,0
BRDA:72,10,1,0
BRDA:78,11,0,0
BRDA:78,11,1,0
BRDA:87,12,0,0
BRDA:87,12,1,0
BRDA:87,13,0,0
BRDA:87,13,1,0
BRDA:87,13,2,0
BRDA:93,14,0,0
BRDA:93,14,1,0
BRDA:106,15,0,0
BRDA:106,15,1,0
BRDA:108,16,0,0
BRDA:108,16,1,0
BRDA:110,17,0,0
BRDA:110,17,1,0
BRDA:115,18,0,0
BRDA:115,18,1,0
BRDA:123,19,0,0
BRDA:123,19,1,0
BRDA:125,20,0,0
BRDA:125,20,1,0
BRDA:126,21,0,0
BRDA:126,21,1,0
BRF:43
BRH:0
end_of_record
TN:
SF:/Users/chenyao/youzan/oxygen/src/utils/dom.js
FN:9,trim
FN:13,hasClass
FN:23,addClass
FN:45,removeClass
FNF:4
FNH:0
FNDA:0,trim
FNDA:0,hasClass
FNDA:0,addClass
FNDA:0,removeClass
DA:0,1
DA:1,1
DA:2,0
DA:5,1
DA:6,0
DA:7,0
DA:8,0
DA:9,0
DA:11,0
DA:15,1
DA:16,0
DA:17,0
DA:18,0
DA:20,0
DA:21,0
DA:22,0
DA:24,0
DA:25,0
DA:27,0
DA:28,0
DA:32,0
DA:33,0
DA:37,1
DA:38,0
DA:39,0
DA:40,0
DA:42,0
DA:43,0
DA:44,0
DA:46,0
DA:47,0
DA:49,0
DA:50,0
DA:54,0
DA:55,0
LF:35
LH:5
BRDA:10,1,0,0
BRDA:10,1,1,0
BRDA:14,2,0,0
BRDA:14,2,1,0
BRDA:14,3,0,0
BRDA:14,3,1,0
BRDA:15,4,0,0
BRDA:15,4,1,0
BRDA:16,5,0,0
BRDA:16,5,1,0
BRDA:24,6,0,0
BRDA:24,6,1,0
BRDA:26,7,0,0
BRDA:26,7,1,0
BRDA:30,8,0,0
BRDA:30,8,1,0
BRDA:32,9,0,0
BRDA:32,9,1,0
BRDA:35,10,0,0
BRDA:35,10,1,0
BRDA:40,11,0,0
BRDA:40,11,1,0
BRDA:46,12,0,0
BRDA:46,12,1,0
BRDA:46,13,0,0
BRDA:46,13,1,0
BRDA:52,14,0,0
BRDA:52,14,1,0
BRDA:54,15,0,0
BRDA:54,15,1,0
BRDA:57,16,0,0
BRDA:57,16,1,0
BRDA:62,17,0,0
BRDA:62,17,1,0
BRF:34
BRH:0
end_of_record
TN:
SF:/Users/chenyao/youzan/oxygen/packages/dialog/index.js
FN:11,_interopRequireDefault
FNF:1
FNH:1
FNDA:1,_interopRequireDefault
DA:0,1
DA:1,1
LF:2
LH:2
BRDA:11,1,0,1
BRDA:11,1,1,0
BRDA:11,2,0,1
BRDA:11,2,1,1
BRF:4
BRH:4
end_of_record
TN:
SF:/Users/chenyao/youzan/oxygen/packages/dialog/src/dialog.js
FN:23,_interopRequireDefault
FN:31,defaultCallback
FN:47,initInstance
FN:55,showNextDialog
FN:77,(anonymous_5)
FN:83,DialogBox
FN:84,(anonymous_7)
FN:97,(anonymous_8)
FN:105,(anonymous_9)
FN:113,(anonymous_10)
FNF:10
FNH:1
FNDA:4,_interopRequireDefault
FNDA:0,defaultCallback
FNDA:0,initInstance
FNDA:0,showNextDialog
FNDA:0,(anonymous_5)
FNDA:0,DialogBox
FNDA:0,(anonymous_7)
FNDA:0,(anonymous_8)
FNDA:0,(anonymous_9)
FNDA:0,(anonymous_10)
DA:0,4
DA:1,1
DA:2,1
DA:3,1
DA:5,1
DA:7,1
DA:8,1
DA:9,1
DA:11,1
DA:12,0
DA:13,0
DA:15,0
DA:16,0
DA:19,0
DA:20,0
DA:21,0
DA:22,0
DA:27,1
DA:28,0
DA:32,0
DA:35,1
DA:36,0
DA:37,0
DA:40,0
DA:41,0
DA:43,0
DA:45,0
DA:46,0
DA:47,0
DA:51,0
DA:52,0
DA:55,0
DA:57,0
DA:58,0
DA:63,1
DA:64,0
DA:65,0
DA:72,0
DA:76,1
DA:77,0
DA:84,1
DA:85,0
DA:92,1
DA:93,0
DA:94,0
DA:95,0
LF:46
LH:15
BRDA:23,1,0,2
BRDA:23,1,1,2
BRDA:23,2,0,4
BRDA:23,2,1,4
BRDA:32,3,0,0
BRDA:32,3,1,0
BRDA:35,4,0,0
BRDA:35,4,1,0
BRDA:39,5,0,0
BRDA:39,5,1,0
BRDA:39,6,0,0
BRDA:39,6,1,0
BRDA:41,7,0,0
BRDA:41,7,1,0
BRDA:41,8,0,0
BRDA:41,8,1,0
BRDA:56,9,0,0
BRDA:56,9,1,0
BRDA:60,10,0,0
BRDA:60,10,1,0
BRDA:60,11,0,0
BRDA:60,11,1,0
BRDA:66,12,0,0
BRDA:66,12,1,0
BRDA:71,13,0,0
BRDA:71,13,1,0
BRF:26
BRH:4
end_of_record
TN:
SF:/Users/chenyao/youzan/oxygen/packages/dialog/src/dialog.vue
FN:11,_interopRequireDefault
FN:52,data
FN:67,handleAction
FN:71,close
FN:81,(anonymous_5)
FNF:5
FNH:1
FNDA:1,_interopRequireDefault
FNDA:0,data
FNDA:0,handleAction
FNDA:0,close
FNDA:0,(anonymous_5)
DA:0,1
DA:21,1
DA:24,1
DA:44,0
DA:58,0
DA:59,0
DA:62,0
DA:63,0
DA:65,0
DA:67,0
DA:69,0
DA:70,0
DA:71,0
DA:72,0
DA:73,0
DA:75,0
DA:76,0
DA:80,0
DA:81,0
LF:19
LH:3
BRDA:11,1,0,1
BRDA:11,1,1,0
BRDA:11,2,0,1
BRDA:11,2,1,1
BRDA:69,3,0,0
BRDA:69,3,1,0
BRDA:74,4,0,0
BRDA:74,4,1,0
BRDA:80,5,0,0
BRDA:80,5,1,0
BRDA:82,6,0,0
BRDA:82,6,1,0
BRDA:82,7,0,0
BRDA:82,7,1,0
BRF:14
BRH:4
end_of_record
TN:
SF:/Users/chenyao/youzan/oxygen/packages/picker/index.js
FN:11,_interopRequireDefault
FNF:1
FNH:1
FNDA:1,_interopRequireDefault
DA:0,1
DA:1,1
LF:2
LH:2
BRDA:11,1,0,0
BRDA:11,1,1,1
BRDA:11,2,0,1
BRDA:11,2,1,1
BRF:4
BRH:4
end_of_record
TN:
SF:/Users/chenyao/youzan/oxygen/packages/picker/src/picker.vue
FN:11,_interopRequireDefault
FN:62,_default
FN:76,values
FN:80,(anonymous_4)
FN:92,columnValueChange
FN:100,getColumn
FN:101,(anonymous_7)
FN:111,getColumnValue
FN:120,setColumnValue
FN:131,getColumnValues
FN:140,setColumnValues
FN:151,getValues
FN:159,setValues
FN:162,(anonymous_14)
FNF:14
FNH:1
FNDA:1,_interopRequireDefault
FNDA:0,_default
FNDA:0,values
FNDA:0,(anonymous_4)
FNDA:0,columnValueChange
FNDA:0,getColumn
FNDA:0,(anonymous_7)
FNDA:0,getColumnValue
FNDA:0,setColumnValue
FNDA:0,getColumnValues
FNDA:0,setColumnValues
FNDA:0,getValues
FNDA:0,setValues
FNDA:0,(anonymous_14)
DA:0,1
DA:23,1
DA:55,0
DA:69,0
DA:70,0
DA:72,0
DA:73,0
DA:76,0
DA:85,0
DA:92,0
DA:93,0
DA:100,0
DA:101,0
DA:108,0
DA:109,0
DA:110,0
DA:118,0
DA:119,0
DA:126,0
DA:127,0
DA:128,0
DA:136,0
DA:142,0
DA:143,0
DA:144,0
LF:25
LH:2
BRDA:11,1,0,0
BRDA:11,1,1,1
BRDA:11,2,0,1
BRDA:11,2,1,1
BRDA:77,3,0,0
BRDA:77,3,1,0
BRDA:81,4,0,0
BRDA:81,4,1,0
BRDA:81,5,0,0
BRDA:81,5,1,0
BRDA:113,6,0,0
BRDA:113,6,1,0
BRDA:122,7,0,0
BRDA:122,7,1,0
BRDA:133,8,0,0
BRDA:133,8,1,0
BRDA:142,9,0,0
BRDA:142,9,1,0
BRF:18
BRH:4
end_of_record
TN:
SF:/Users/chenyao/youzan/oxygen/packages/picker/src/picker-column.vue
FN:15,_interopRequireDefault
FN:50,_default
FN:71,data
FN:81,values
FN:84,currentValues
FN:89,currentValue
FN:100,visibleContentHeight
FN:108,valueIndex
FN:116,dragRange
FN:128,classNames
FN:133,mounted
FN:143,value2Translate
FN:158,translate2Value
FN:171,initEvents
FN:182,start
FN:194,drag
FN:210,end
FN:225,(anonymous_18)
FN:252,doOnValueChange
FNF:19
FNH:1
FNDA:2,_interopRequireDefault
FNDA:0,_default
FNDA:0,data
FNDA:0,values
FNDA:0,currentValues
FNDA:0,currentValue
FNDA:0,visibleContentHeight
FNDA:0,valueIndex
FNDA:0,dragRange
FNDA:0,classNames
FNDA:0,mounted
FNDA:0,value2Translate
FNDA:0,translate2Value
FNDA:0,initEvents
FNDA:0,start
FNDA:0,drag
FNDA:0,end
FNDA:0,(anonymous_18)
FNDA:0,doOnValueChange
DA:0,2
DA:16,1
DA:17,1
DA:19,1
DA:38,0
DA:59,0
DA:68,0
DA:72,0
DA:73,0
DA:78,0
DA:80,0
DA:89,0
DA:96,0
DA:103,0
DA:104,0
DA:105,0
DA:107,0
DA:114,0
DA:119,0
DA:120,0
DA:128,0
DA:129,0
DA:130,0
DA:131,0
DA:133,0
DA:134,0
DA:142,0
DA:143,0
DA:145,0
DA:147,0
DA:153,0
DA:154,0
DA:155,0
DA:157,0
DA:158,0
DA:159,0
DA:161,0
DA:164,0
DA:171,0
DA:175,0
DA:177,0
DA:178,0
DA:180,0
DA:181,0
DA:183,0
DA:185,0
DA:187,0
DA:191,0
DA:192,0
DA:194,0
DA:195,0
DA:196,0
DA:198,0
DA:199,0
DA:200,0
DA:203,0
DA:205,0
DA:206,0
DA:207,0
DA:209,0
DA:210,0
DA:212,0
DA:215,0
DA:217,0
DA:219,0
DA:223,0
DA:232,0
DA:233,0
DA:235,0
DA:237,0
LF:70
LH:4
BRDA:15,1,0,2
BRDA:15,1,1,0
BRDA:15,2,0,2
BRDA:15,2,1,2
BRDA:85,3,0,0
BRDA:85,3,1,0
BRDA:86,4,0,0
BRDA:86,4,1,0
BRDA:149,5,0,0
BRDA:149,5,1,0
BRDA:205,6,0,0
BRDA:205,6,1,0
BRDA:211,7,0,0
BRDA:211,7,1,0
BRDA:219,8,0,0
BRDA:219,8,1,0
BRDA:229,9,0,0
BRDA:229,9,1,0
BRF:18
BRH:4
end_of_record
TN:
SF:/Users/chenyao/youzan/oxygen/src/utils/transition.js
FN:11,_interopRequireDefault
FN:46,getTranslate
FN:60,translateElement
FN:86,cancelTranslateElement
FNF:4
FNH:1
FNDA:1,_interopRequireDefault
FNDA:0,getTranslate
FNDA:0,translateElement
FNDA:0,cancelTranslateElement
DA:0,1
DA:1,1
DA:3,1
DA:5,1
DA:6,1
DA:7,1
DA:8,1
DA:10,1
DA:11,0
DA:12,1
DA:13,0
DA:14,1
DA:15,1
DA:16,0
DA:17,0
DA:20,1
DA:22,1
DA:24,1
DA:25,1
DA:26,1
DA:27,1
DA:28,1
DA:29,1
DA:30,1
DA:32,1
DA:33,1
DA:36,1
DA:37,0
DA:38,0
DA:40,0
DA:41,0
DA:42,0
DA:43,0
DA:44,0
DA:47,0
DA:50,1
DA:51,0
DA:53,0
DA:55,0
DA:57,0
DA:58,0
DA:59,0
DA:60,0
DA:62,0
DA:63,0
DA:67,0
DA:69,0
DA:70,0
DA:72,0
DA:76,1
DA:77,0
DA:79,0
DA:81,0
DA:82,0
DA:83,0
DA:87,1
LF:56
LH:26
BRDA:11,1,0,0
BRDA:11,1,1,1
BRDA:11,2,0,1
BRDA:11,2,1,1
BRDA:15,3,0,1
BRDA:15,3,1,0
BRDA:20,4,0,0
BRDA:20,4,1,1
BRDA:20,5,0,1
BRDA:20,5,1,0
BRDA:22,6,0,0
BRDA:22,6,1,1
BRDA:24,7,0,1
BRDA:24,7,1,0
BRDA:26,8,0,0
BRDA:26,8,1,0
BRDA:42,9,0,1
BRDA:42,9,1,0
BRDA:48,10,0,0
BRDA:48,10,1,0
BRDA:48,11,0,0
BRDA:48,11,1,0
BRDA:52,12,0,0
BRDA:52,12,1,0
BRDA:61,13,0,0
BRDA:61,13,1,0
BRDA:61,14,0,0
BRDA:61,14,1,0
BRDA:63,15,0,0
BRDA:63,15,1,0
BRDA:63,16,0,0
BRDA:63,16,1,0
BRDA:63,16,2,0
BRDA:65,17,0,0
BRDA:65,17,1,0
BRDA:65,18,0,0
BRDA:65,18,1,0
BRDA:65,18,2,0
BRDA:67,19,0,0
BRDA:67,19,1,0
BRDA:67,20,0,0
BRDA:67,20,1,0
BRDA:69,21,0,0
BRDA:69,21,1,0
BRDA:72,22,0,0
BRDA:72,22,1,0
BRDA:79,23,0,0
BRDA:79,23,1,0
BRDA:80,24,0,0
BRDA:80,24,1,0
BRDA:80,25,0,0
BRDA:80,25,1,0
BRDA:82,26,0,0
BRDA:82,26,1,0
BRDA:82,27,0,0
BRDA:82,27,1,0
BRDA:87,28,0,0
BRDA:87,28,1,0
BRDA:87,29,0,0
BRDA:87,29,1,0
BRDA:91,30,0,0
BRDA:91,30,1,0
BRF:62
BRH:10
end_of_record
TN:
SF:/Users/chenyao/youzan/oxygen/packages/picker/src/draggable.js
FN:7,(anonymous_1)
FN:8,moveFn
FN:14,endFn
FN:29,(anonymous_4)
FN:31,(anonymous_5)
FN:34,(anonymous_6)
FN:61,_interopRequireDefault
FNF:7
FNH:1
FNDA:0,(anonymous_1)
FNDA:0,moveFn
FNDA:0,endFn
FNDA:0,(anonymous_4)
FNDA:0,(anonymous_5)
FNDA:0,(anonymous_6)
FNDA:1,_interopRequireDefault
DA:0,1
DA:1,1
DA:3,1
DA:5,1
DA:8,0
DA:9,0
DA:10,0
DA:14,0
DA:15,0
DA:16,0
DA:17,0
DA:19,0
DA:20,0
DA:22,0
DA:24,0
DA:25,0
DA:29,0
DA:30,0
DA:31,0
DA:32,0
DA:34,0
DA:35,0
DA:36,0
DA:38,0
DA:40,0
DA:41,0
DA:42,0
DA:46,0
DA:47,0
DA:48,0
DA:49,0
LF:31
LH:4
BRDA:9,1,0,0
BRDA:9,1,1,0
BRDA:10,2,0,0
BRDA:10,2,1,0
BRDA:10,3,0,0
BRDA:10,3,1,0
BRDA:15,4,0,0
BRDA:15,4,1,0
BRDA:24,5,0,0
BRDA:24,5,1,0
BRDA:25,6,0,0
BRDA:25,6,1,0
BRDA:25,7,0,0
BRDA:25,7,1,0
BRDA:29,8,0,0
BRDA:29,8,1,0
BRDA:30,9,0,0
BRDA:30,9,1,0
BRDA:38,10,0,0
BRDA:38,10,1,0
BRDA:44,11,0,0
BRDA:44,11,1,0
BRDA:46,12,0,0
BRDA:46,12,1,0
BRDA:46,13,0,0
BRDA:46,13,1,0
BRDA:50,14,0,0
BRDA:50,14,1,0
BRDA:61,15,0,0
BRDA:61,15,1,1
BRDA:61,16,0,1
BRDA:61,16,1,1
BRDA:65,17,0,1
BRDA:65,17,1,1
BRF:34
BRH:6
end_of_record
TN:
SF:/Users/chenyao/youzan/oxygen/packages/radio-group/index.js
FN:11,_interopRequireDefault
FNF:1
FNH:1
FNDA:1,_interopRequireDefault
DA:0,1
DA:1,1
LF:2
LH:2
BRDA:11,1,0,0
BRDA:11,1,1,1
BRDA:11,2,0,1
BRDA:11,2,1,1
BRF:4
BRH:4
end_of_record
TN:
SF:/Users/chenyao/youzan/oxygen/packages/radio/src/radio-group.vue
FN:22,value
FNF:1
FNH:0
FNDA:0,value
DA:0,1
DA:18,0
LF:2
LH:1
BRF:0
BRH:0
end_of_record
TN:
SF:/Users/chenyao/youzan/oxygen/packages/waterfall/index.js
FN:11,_interopRequireDefault
FNF:1
FNH:1
FNDA:1,_interopRequireDefault
DA:0,1
DA:1,1
LF:2
LH:2
BRDA:11,1,0,1
BRDA:11,1,1,0
BRDA:11,2,0,1
BRDA:11,2,1,1
BRF:4
BRH:4
end_of_record
TN:
SF:/Users/chenyao/youzan/oxygen/packages/waterfall/src/main.js
FN:15,_interopRequireDefault
FN:17,install
FNF:2
FNH:2
FNDA:2,_interopRequireDefault
FNDA:1,install
DA:0,2
DA:1,1
DA:2,1
DA:4,1
DA:5,1
DA:6,1
DA:9,1
DA:10,1
DA:13,1
LF:9
LH:9
BRDA:15,1,0,1
BRDA:15,1,1,1
BRDA:15,2,0,2
BRDA:15,2,1,2
BRDA:22,3,0,1
BRDA:22,3,1,0
BRF:6
BRH:5
end_of_record
TN:
SF:/Users/chenyao/youzan/oxygen/packages/waterfall/src/directive.js
FN:7,(anonymous_1)
FN:9,bind
FN:19,(anonymous_3)
FN:25,update
FN:28,unbind
FN:39,_interopRequireDefault
FN:46,doBindEvent
FN:55,(anonymous_8)
FN:71,handleScrollEvent
FNF:9
FNH:2
FNDA:2,(anonymous_1)
FNDA:0,bind
FNDA:0,(anonymous_3)
FNDA:0,update
FNDA:0,unbind
FNDA:1,_interopRequireDefault
FNDA:0,doBindEvent
FNDA:0,(anonymous_8)
FNDA:0,handleScrollEvent
DA:0,1
DA:1,1
DA:3,1
DA:4,1
DA:8,1
DA:9,0
DA:10,0
DA:12,0
DA:13,0
DA:14,0
DA:15,0
DA:16,0
DA:18,0
DA:20,0
DA:22,0
DA:23,0
DA:25,0
DA:27,0
DA:31,1
DA:32,0
DA:33,0
DA:36,0
DA:38,0
DA:39,0
DA:42,0
DA:43,0
DA:44,0
DA:46,0
DA:47,0
DA:49,0
DA:50,0
DA:54,0
DA:55,0
DA:56,0
DA:58,0
DA:59,0
DA:61,0
DA:62,0
DA:67,2
DA:69,0
DA:70,0
DA:76,0
DA:78,0
DA:79,0
DA:80,0
DA:86,0
DA:90,0
DA:91,0
LF:48
LH:7
BRDA:10,1,0,0
BRDA:10,1,1,0
BRDA:20,2,0,0
BRDA:20,2,1,0
BRDA:39,3,0,1
BRDA:39,3,1,0
BRDA:39,4,0,1
BRDA:39,4,1,1
BRDA:54,5,0,0
BRDA:54,5,1,0
BRDA:63,6,0,0
BRDA:63,6,1,0
BRDA:76,7,0,0
BRDA:76,7,1,0
BRDA:83,8,0,0
BRDA:83,8,1,0
BRDA:89,9,0,0
BRDA:89,9,1,0
BRDA:90,10,0,0
BRDA:90,10,1,0
BRDA:95,11,0,0
BRDA:95,11,1,0
BRDA:101,12,0,0
BRDA:101,12,1,0
BRDA:102,13,0,0
BRDA:102,13,1,0
BRF:26
BRH:4
end_of_record
TN:
SF:/Users/chenyao/youzan/oxygen/packages/waterfall/src/utils.js
FN:7,debounce
FN:9,(anonymous_2)
FN:13,later
FN:31,getScrollEventTarget
FN:46,isAttached
FN:62,getScrollTop
FN:68,getElementTop
FN:74,getVisibleHeight
FNF:8
FNH:0
FNDA:0,debounce
FNDA:0,(anonymous_2)
FNDA:0,later
FNDA:0,getScrollEventTarget
FNDA:0,isAttached
FNDA:0,getScrollTop
FNDA:0,getElementTop
FNDA:0,getVisibleHeight
DA:0,1
DA:3,0
DA:4,0
DA:5,0
DA:6,0
DA:7,0
DA:8,0
DA:9,0
DA:10,0
DA:11,0
DA:13,0
DA:14,0
DA:17,0
DA:18,0
DA:20,0
DA:26,0
DA:28,0
DA:29,0
DA:30,0
DA:31,0
DA:33,0
DA:35,0
DA:40,0
DA:41,0
DA:42,0
DA:43,0
DA:45,0
DA:46,0
DA:48,0
DA:50,0
DA:55,0
DA:60,0
DA:61,0
DA:63,0
DA:67,0
DA:68,0
DA:71,0
LF:37
LH:1
BRDA:15,1,0,0
BRDA:15,1,1,0
BRDA:22,2,0,0
BRDA:22,2,1,0
BRDA:34,3,0,0
BRDA:34,3,1,0
BRDA:34,3,2,0
BRDA:34,3,3,0
BRDA:36,4,0,0
BRDA:36,4,1,0
BRDA:36,5,0,0
BRDA:36,5,1,0
BRDA:49,6,0,0
BRDA:49,6,1,0
BRDA:52,7,0,0
BRDA:52,7,1,0
BRDA:63,8,0,0
BRDA:63,8,1,0
BRDA:69,9,0,0
BRDA:69,9,1,0
BRDA:75,10,0,0
BRDA:75,10,1,0
BRF:22
BRH:0
end_of_record
TN:
SF:/Users/chenyao/youzan/oxygen/packages/loading/index.js
FN:11,_interopRequireDefault
FNF:1
FNH:1
FNDA:1,_interopRequireDefault
DA:0,1
DA:1,1
LF:2
LH:2
BRDA:11,1,0,0
BRDA:11,1,1,1
BRDA:11,2,0,1
BRDA:11,2,1,1
BRF:4
BRH:4
end_of_record
TN:
SF:/Users/chenyao/youzan/oxygen/packages/loading/src/loading.vue
FNF:0
FNH:0
DA:0,1
LF:1
LH:1
BRF:0
BRH:0
end_of_record
TN:
SF:/Users/chenyao/youzan/oxygen/packages/panel/index.js
FN:11,_interopRequireDefault
FNF:1
FNH:1
FNDA:1,_interopRequireDefault
DA:0,1
DA:1,1
LF:2
LH:2
BRDA:11,1,0,0
BRDA:11,1,1,1
BRDA:11,2,0,1
BRDA:11,2,1,1
BRF:4
BRH:4
end_of_record
TN:
SF:/Users/chenyao/youzan/oxygen/packages/panel/src/panel.vue
FNF:0
FNH:0
DA:0,1
LF:1
LH:1
BRF:0
BRH:0
end_of_record
TN:
SF:/Users/chenyao/youzan/oxygen/packages/card/index.js
FN:11,_interopRequireDefault
FNF:1
FNH:1
FNDA:1,_interopRequireDefault
DA:0,1
DA:1,1
LF:2
LH:2
BRDA:11,1,0,0
BRDA:11,1,1,1
BRDA:11,2,0,1
BRDA:11,2,1,1
BRF:4
BRH:4
end_of_record
TN:
SF:/Users/chenyao/youzan/oxygen/packages/card/src/card.vue
FNF:0
FNH:0
DA:0,1
LF:1
LH:1
BRF:0
BRH:0
end_of_record
TN:
SF:/Users/chenyao/youzan/oxygen/packages/steps/index.js
FN:11,_interopRequireDefault
FNF:1
FNH:1
FNDA:1,_interopRequireDefault
DA:0,1
DA:1,1
LF:2
LH:2
BRDA:11,1,0,0
BRDA:11,1,1,1
BRDA:11,2,0,1
BRDA:11,2,1,1
BRF:4
BRH:4
end_of_record
TN:
SF:/Users/chenyao/youzan/oxygen/packages/steps/src/steps.vue
FN:17,data
FNF:1
FNH:0
FNDA:0,data
DA:0,1
DA:13,0
LF:2
LH:1
BRF:0
BRH:0
end_of_record
TN:
SF:/Users/chenyao/youzan/oxygen/packages/tag/index.js
FN:11,_interopRequireDefault
FNF:1
FNH:1
FNDA:1,_interopRequireDefault
DA:0,1
DA:1,1
LF:2
LH:2
BRDA:11,1,0,0
BRDA:11,1,1,1
BRDA:11,2,0,1
BRDA:11,2,1,1
BRF:4
BRH:4
end_of_record
TN:
SF:/Users/chenyao/youzan/oxygen/packages/tag/src/main.vue
FNF:0
FNH:0
DA:0,1
LF:1
LH:1
BRF:0
BRH:0
end_of_record
TN:
SF:/Users/chenyao/youzan/oxygen/packages/checkbox/index.js
FN:11,_interopRequireDefault
FNF:1
FNH:1
FNDA:1,_interopRequireDefault
DA:0,1
DA:1,1
LF:2
LH:2
BRDA:11,1,0,0
BRDA:11,1,1,1
BRDA:11,2,0,1
BRDA:11,2,1,1
BRF:4
BRH:4
end_of_record
TN:
SF:/Users/chenyao/youzan/oxygen/packages/checkbox/src/checkbox.vue
FN:11,_interopRequireDefault
FN:28,isGroup
FN:37,get
FN:40,set
FN:64,isChecked
FN:76,isDisabled
FNF:6
FNH:1
FNDA:1,_interopRequireDefault
FNDA:0,isGroup
FNDA:0,get
FNDA:0,set
FNDA:0,isChecked
FNDA:0,isDisabled
DA:0,1
DA:26,1
DA:44,0
DA:52,0
DA:56,0
DA:57,0
DA:58,0
DA:59,0
DA:60,0
DA:61,0
DA:64,0
DA:65,0
DA:66,0
DA:67,0
DA:71,0
DA:80,0
DA:81,0
DA:82,0
DA:83,0
DA:91,0
LF:20
LH:2
BRDA:11,1,0,1
BRDA:11,1,1,0
BRDA:11,2,0,1
BRDA:11,2,1,1
BRDA:38,3,0,0
BRDA:38,3,1,0
BRDA:38,4,0,0
BRDA:38,4,1,0
BRDA:41,5,0,0
BRDA:41,5,1,0
BRDA:41,6,0,0
BRDA:41,6,1,0
BRDA:43,7,0,0
BRDA:43,7,1,0
BRDA:44,8,0,0
BRDA:44,8,1,0
BRDA:50,9,0,0
BRDA:50,9,1,0
BRDA:65,10,0,0
BRDA:65,10,1,0
BRDA:67,11,0,0
BRDA:67,11,1,0
BRDA:77,12,0,0
BRDA:77,12,1,0
BRDA:77,13,0,0
BRDA:77,13,1,0
BRDA:77,14,0,0
BRDA:77,14,1,0
BRF:28
BRH:4
end_of_record
TN:
SF:/Users/chenyao/youzan/oxygen/packages/checkbox-group/index.js
FN:11,_interopRequireDefault
FNF:1
FNH:1
FNDA:1,_interopRequireDefault
DA:0,1
DA:1,1
LF:2
LH:2
BRDA:11,1,0,0
BRDA:11,1,1,1
BRDA:11,2,0,1
BRDA:11,2,1,1
BRF:4
BRH:4
end_of_record
TN:
SF:/Users/chenyao/youzan/oxygen/packages/checkbox/src/checkbox-group.vue
FN:22,value
FNF:1
FNH:0
FNDA:0,value
DA:0,1
DA:18,0
LF:2
LH:1
BRF:0
BRH:0
end_of_record
TN:
SF:/Users/chenyao/youzan/oxygen/packages/badge-group/index.js
FN:11,_interopRequireDefault
FNF:1
FNH:1
FNDA:1,_interopRequireDefault
DA:0,1
DA:1,1
LF:2
LH:2
BRDA:11,1,0,0
BRDA:11,1,1,1
BRDA:11,2,0,1
BRDA:11,2,1,1
BRF:4
BRH:4
end_of_record
TN:
SF:/Users/chenyao/youzan/oxygen/packages/badge/src/badge-group.vue
FN:24,data
FNF:1
FNH:0
FNDA:0,data
DA:0,1
DA:20,0
LF:2
LH:1
BRF:0
BRH:0
end_of_record
TN:
SF:/Users/chenyao/youzan/oxygen/packages/badge/index.js
FN:11,_interopRequireDefault
FNF:1
FNH:1
FNDA:1,_interopRequireDefault
DA:0,1
DA:1,1
LF:2
LH:2
BRDA:11,1,0,0
BRDA:11,1,1,1
BRDA:11,2,0,1
BRDA:11,2,1,1
BRF:4
BRH:4
end_of_record
TN:
SF:/Users/chenyao/youzan/oxygen/packages/badge/src/badge.vue
FN:33,handleClick
FN:38,classNames
FNF:2
FNH:0
FNDA:0,handleClick
FNDA:0,classNames
DA:0,1
DA:29,0
DA:34,0
LF:3
LH:1
BRF:0
BRH:0
end_of_record
TN:
SF:/Users/chenyao/youzan/oxygen/packages/search/index.js
FN:11,_interopRequireDefault
FNF:1
FNH:1
FNDA:1,_interopRequireDefault
DA:0,1
DA:1,1
LF:2
LH:2
BRDA:11,1,0,0
BRDA:11,1,1,1
BRDA:11,2,0,1
BRDA:11,2,1,1
BRF:4
BRH:4
end_of_record
TN:
SF:/Users/chenyao/youzan/oxygen/packages/search/src/search.vue
FN:24,data
FN:34,update
FN:42,handleFocus
FN:46,handleClean
FN:51,handleBack
FN:57,handleSearch
FNF:6
FNH:0
FNDA:0,data
FNDA:0,update
FNDA:0,handleFocus
FNDA:0,handleClean
FNDA:0,handleBack
FNDA:0,handleSearch
DA:0,1
DA:20,0
DA:29,0
DA:36,0
DA:40,0
DA:41,0
DA:45,0
DA:46,0
DA:47,0
DA:51,0
LF:10
LH:1
BRDA:35,1,0,0
BRDA:35,1,1,0
BRF:2
BRH:0
end_of_record
